# JRE version: Java(TM) SE Runtime Environment (8.0_92-b14) (build 1.8.0_92-b14)
# Java VM: Java HotSpot(TM) 64-Bit Server VM (25.92-b14 mixed mode linux-amd64 compressed oops)
Heap:
 PSYoungGen      total 136192K, used 5126K [0x00000000eab00000, 0x00000000f3900000, 0x0000000100000000)
  eden space 126976K, 0% used [0x00000000eab00000,0x00000000eab00000,0x00000000f2700000)
  from space 9216K, 55% used [0x00000000f2700000,0x00000000f2c01b40,0x00000000f3000000)
  to   space 9216K, 0% used [0x00000000f3000000,0x00000000f3000000,0x00000000f3900000)
 ParOldGen       total 84992K, used 10738K [0x00000000c0000000, 0x00000000c5300000, 0x00000000eab00000)
  object space 84992K, 12% used [0x00000000c0000000,0x00000000c0a7cb38,0x00000000c5300000)
 Metaspace       used 20808K, capacity 21148K, committed 21296K, reserved 1067008K
  class space    used 2776K, capacity 2886K, committed 2944K, reserved 1048576K
GC Heap History (10 events):
Event: 0.789 GC heap after
Heap after GC invocations=2 (full 0):
 PSYoungGen      total 36864K, used 5103K [0x00000000eab00000, 0x00000000ed400000, 0x0000000100000000)
  eden space 31744K, 0% used [0x00000000eab00000,0x00000000eab00000,0x00000000eca00000)
  from space 5120K, 99% used [0x00000000ecf00000,0x00000000ed3fbc40,0x00000000ed400000)
  to   space 5120K, 0% used [0x00000000eca00000,0x00000000eca00000,0x00000000ecf00000)
 ParOldGen       total 84992K, used 1753K [0x00000000c0000000, 0x00000000c5300000, 0x00000000eab00000)
  object space 84992K, 2% used [0x00000000c0000000,0x00000000c01b6778,0x00000000c5300000)
 Metaspace       used 12363K, capacity 12732K, committed 12928K, reserved 1060864K
  class space    used 1698K, capacity 1842K, committed 1920K, reserved 1048576K
}
Event: 1.117 GC heap before
{Heap before GC invocations=3 (full 0):
 PSYoungGen      total 36864K, used 36847K [0x00000000eab00000, 0x00000000ed400000, 0x0000000100000000)
  eden space 31744K, 100% used [0x00000000eab00000,0x00000000eca00000,0x00000000eca00000)
  from space 5120K, 99% used [0x00000000ecf00000,0x00000000ed3fbc40,0x00000000ed400000)
  to   space 5120K, 0% used [0x00000000eca00000,0x00000000eca00000,0x00000000ecf00000)
 ParOldGen       total 84992K, used 1753K [0x00000000c0000000, 0x00000000c5300000, 0x00000000eab00000)
  object space 84992K, 2% used [0x00000000c0000000,0x00000000c01b6778,0x00000000c5300000)
 Metaspace       used 18272K, capacity 18634K, committed 18944K, reserved 1064960K
  class space    used 2549K, capacity 2691K, committed 2816K, reserved 1048576K
Event: 1.122 GC heap after
Heap after GC invocations=3 (full 0):
 PSYoungGen      total 36864K, used 5088K [0x00000000eab00000, 0x00000000ef300000, 0x0000000100000000)
  eden space 31744K, 0% used [0x00000000eab00000,0x00000000eab00000,0x00000000eca00000)
  from space 5120K, 99% used [0x00000000eca00000,0x00000000ecef8040,0x00000000ecf00000)
  to   space 5120K, 0% used [0x00000000eee00000,0x00000000eee00000,0x00000000ef300000)
 ParOldGen       total 84992K, used 5592K [0x00000000c0000000, 0x00000000c5300000, 0x00000000eab00000)
  object space 84992K, 6% used [0x00000000c0000000,0x00000000c05760b0,0x00000000c5300000)
 Metaspace       used 18272K, capacity 18634K, committed 18944K, reserved 1064960K
  class space    used 2549K, capacity 2691K, committed 2816K, reserved 1048576K
}
Event: 1.264 GC heap before
{Heap before GC invocations=4 (full 0):
 PSYoungGen      total 36864K, used 36832K [0x00000000eab00000, 0x00000000ef300000, 0x0000000100000000)
  eden space 31744K, 100% used [0x00000000eab00000,0x00000000eca00000,0x00000000eca00000)
  from space 5120K, 99% used [0x00000000eca00000,0x00000000ecef8040,0x00000000ecf00000)
  to   space 5120K, 0% used [0x00000000eee00000,0x00000000eee00000,0x00000000ef300000)
 ParOldGen       total 84992K, used 5592K [0x00000000c0000000, 0x00000000c5300000, 0x00000000eab00000)
  object space 84992K, 6% used [0x00000000c0000000,0x00000000c05760b0,0x00000000c5300000)
 Metaspace       used 19586K, capacity 19952K, committed 20224K, reserved 1067008K
  class space    used 2664K, capacity 2788K, committed 2816K, reserved 1048576K
Event: 1.269 GC heap after
Heap after GC invocations=4 (full 0):
 PSYoungGen      total 68608K, used 5108K [0x00000000eab00000, 0x00000000ef300000, 0x0000000100000000)
  eden space 63488K, 0% used [0x00000000eab00000,0x00000000eab00000,0x00000000ee900000)
  from space 5120K, 99% used [0x00000000eee00000,0x00000000ef2fd0d0,0x00000000ef300000)
  to   space 5120K, 0% used [0x00000000ee900000,0x00000000ee900000,0x00000000eee00000)
 ParOldGen       total 84992K, used 7077K [0x00000000c0000000, 0x00000000c5300000, 0x00000000eab00000)
  object space 84992K, 8% used [0x00000000c0000000,0x00000000c06e9698,0x00000000c5300000)
 Metaspace       used 19586K, capacity 19952K, committed 20224K, reserved 1067008K
  class space    used 2664K, capacity 2788K, committed 2816K, reserved 1048576K
}
Event: 1.387 GC heap before
{Heap before GC invocations=5 (full 0):
 PSYoungGen      total 68608K, used 68596K [0x00000000eab00000, 0x00000000ef300000, 0x0000000100000000)
  eden space 63488K, 100% used [0x00000000eab00000,0x00000000ee900000,0x00000000ee900000)
  from space 5120K, 99% used [0x00000000eee00000,0x00000000ef2fd0d0,0x00000000ef300000)
  to   space 5120K, 0% used [0x00000000ee900000,0x00000000ee900000,0x00000000eee00000)
 ParOldGen       total 84992K, used 7077K [0x00000000c0000000, 0x00000000c5300000, 0x00000000eab00000)
  object space 84992K, 8% used [0x00000000c0000000,0x00000000c06e9698,0x00000000c5300000)
 Metaspace       used 19731K, capacity 20144K, committed 20224K, reserved 1067008K
  class space    used 2675K, capacity 2788K, committed 2816K, reserved 1048576K
Event: 1.393 GC heap after
Heap after GC invocations=5 (full 0):
 PSYoungGen      total 68608K, used 5108K [0x00000000eab00000, 0x00000000f3900000, 0x0000000100000000)
  eden space 63488K, 0% used [0x00000000eab00000,0x00000000eab00000,0x00000000ee900000)
  from space 5120K, 99% used [0x00000000ee900000,0x00000000eedfd0d0,0x00000000eee00000)
  to   space 9216K, 0% used [0x00000000f3000000,0x00000000f3000000,0x00000000f3900000)
 ParOldGen       total 84992K, used 7965K [0x00000000c0000000, 0x00000000c5300000, 0x00000000eab00000)
  object space 84992K, 9% used [0x00000000c0000000,0x00000000c07c76b8,0x00000000c5300000)
 Metaspace       used 19731K, capacity 20144K, committed 20224K, reserved 1067008K
  class space    used 2675K, capacity 2788K, committed 2816K, reserved 1048576K
}
Event: 1.496 GC heap before
{Heap before GC invocations=6 (full 0):
 PSYoungGen      total 68608K, used 68596K [0x00000000eab00000, 0x00000000f3900000, 0x0000000100000000)
  eden space 63488K, 100% used [0x00000000eab00000,0x00000000ee900000,0x00000000ee900000)
  from space 5120K, 99% used [0x00000000ee900000,0x00000000eedfd0d0,0x00000000eee00000)
  to   space 9216K, 0% used [0x00000000f3000000,0x00000000f3000000,0x00000000f3900000)
 ParOldGen       total 84992K, used 7965K [0x00000000c0000000, 0x00000000c5300000, 0x00000000eab00000)
  object space 84992K, 9% used [0x00000000c0000000,0x00000000c07c76b8,0x00000000c5300000)
 Metaspace       used 19743K, capacity 20144K, committed 20224K, reserved 1067008K
  class space    used 2675K, capacity 2788K, committed 2816K, reserved 1048576K
Event: 1.514 GC heap after
Heap after GC invocations=6 (full 0):
 PSYoungGen      total 136192K, used 5828K [0x00000000eab00000, 0x00000000f3900000, 0x0000000100000000)
  eden space 126976K, 0% used [0x00000000eab00000,0x00000000eab00000,0x00000000f2700000)
  from space 9216K, 63% used [0x00000000f3000000,0x00000000f35b10e0,0x00000000f3900000)
  to   space 9216K, 0% used [0x00000000f2700000,0x00000000f2700000,0x00000000f3000000)
 ParOldGen       total 84992K, used 7965K [0x00000000c0000000, 0x00000000c5300000, 0x00000000eab00000)
  object space 84992K, 9% used [0x00000000c0000000,0x00000000c07c76b8,0x00000000c5300000)
 Metaspace       used 19743K, capacity 20144K, committed 20224K, reserved 1067008K
  class space    used 2675K, capacity 2788K, committed 2816K, reserved 1048576K
}
Event: 1.653 GC heap before
{Heap before GC invocations=7 (full 0):
 PSYoungGen      total 136192K, used 64081K [0x00000000eab00000, 0x00000000f3900000, 0x0000000100000000)
  eden space 126976K, 45% used [0x00000000eab00000,0x00000000ee3e3588,0x00000000f2700000)
  from space 9216K, 63% used [0x00000000f3000000,0x00000000f35b10e0,0x00000000f3900000)
  to   space 9216K, 0% used [0x00000000f2700000,0x00000000f2700000,0x00000000f3000000)
 ParOldGen       total 84992K, used 7965K [0x00000000c0000000, 0x00000000c5300000, 0x00000000eab00000)
  object space 84992K, 9% used [0x00000000c0000000,0x00000000c07c76b8,0x00000000c5300000)
 Metaspace       used 20808K, capacity 21148K, committed 21296K, reserved 1067008K
  class space    used 2776K, capacity 2886K, committed 2944K, reserved 1048576K

