# JRE version: OpenJDK Runtime Environment (8.0_92-b14) (build 1.8.0_92-b14)
# Java VM: OpenJDK 64-Bit Server VM (25.92-b14 mixed mode linux-amd64 compressed oops)
Heap:
 PSYoungGen      total 641024K, used 1517K [0x00000000d7300000, 0x0000000100000000, 0x0000000100000000)
  eden space 614400K, 0% used [0x00000000d7300000,0x00000000d7300000,0x00000000fcb00000)
  from space 26624K, 5% used [0x00000000fcb00000,0x00000000fcc7b750,0x00000000fe500000)
  to   space 27648K, 0% used [0x00000000fe500000,0x00000000fe500000,0x0000000100000000)
 ParOldGen       total 515584K, used 515246K [0x0000000085800000, 0x00000000a4f80000, 0x00000000d7300000)
  object space 515584K, 99% used [0x0000000085800000,0x00000000a4f2b810,0x00000000a4f80000)
 Metaspace       used 8572K, capacity 8724K, committed 8960K, reserved 1056768K
  class space    used 887K, capacity 964K, committed 1024K, reserved 1048576K
GC Heap History (10 events):
Event: 361.953 GC heap after
Heap after GC invocations=542 (full 5):
 PSYoungGen      total 640000K, used 23840K [0x00000000d7300000, 0x0000000100000000, 0x0000000100000000)
  eden space 612352K, 0% used [0x00000000d7300000,0x00000000d7300000,0x00000000fc900000)
  from space 27648K, 86% used [0x00000000fc900000,0x00000000fe048000,0x00000000fe400000)
  to   space 27648K, 0% used [0x00000000fe500000,0x00000000fe500000,0x0000000100000000)
 ParOldGen       total 515584K, used 490211K [0x0000000085800000, 0x00000000a4f80000, 0x00000000d7300000)
  object space 515584K, 95% used [0x0000000085800000,0x00000000a36b8d38,0x00000000a4f80000)
 Metaspace       used 8400K, capacity 8596K, committed 8704K, reserved 1056768K
  class space    used 869K, capacity 964K, committed 1024K, reserved 1048576K
}
Event: 362.742 GC heap before
{Heap before GC invocations=543 (full 5):
 PSYoungGen      total 640000K, used 636192K [0x00000000d7300000, 0x0000000100000000, 0x0000000100000000)
  eden space 612352K, 100% used [0x00000000d7300000,0x00000000fc900000,0x00000000fc900000)
  from space 27648K, 86% used [0x00000000fc900000,0x00000000fe048000,0x00000000fe400000)
  to   space 27648K, 0% used [0x00000000fe500000,0x00000000fe500000,0x0000000100000000)
 ParOldGen       total 515584K, used 490211K [0x0000000085800000, 0x00000000a4f80000, 0x00000000d7300000)
  object space 515584K, 95% used [0x0000000085800000,0x00000000a36b8d38,0x00000000a4f80000)
 Metaspace       used 8400K, capacity 8596K, committed 8704K, reserved 1056768K
  class space    used 869K, capacity 964K, committed 1024K, reserved 1048576K
Event: 362.748 GC heap after
Heap after GC invocations=543 (full 5):
 PSYoungGen      total 640000K, used 24067K [0x00000000d7300000, 0x00000000fff00000, 0x0000000100000000)
  eden space 613376K, 0% used [0x00000000d7300000,0x00000000d7300000,0x00000000fca00000)
  from space 26624K, 90% used [0x00000000fe500000,0x00000000ffc80e90,0x00000000fff00000)
  to   space 27136K, 0% used [0x00000000fca00000,0x00000000fca00000,0x00000000fe480000)
 ParOldGen       total 515584K, used 490787K [0x0000000085800000, 0x00000000a4f80000, 0x00000000d7300000)
  object space 515584K, 95% used [0x0000000085800000,0x00000000a3748d38,0x00000000a4f80000)
 Metaspace       used 8400K, capacity 8596K, committed 8704K, reserved 1056768K
  class space    used 869K, capacity 964K, committed 1024K, reserved 1048576K
}
Event: 363.557 GC heap before
{Heap before GC invocations=544 (full 5):
 PSYoungGen      total 640000K, used 637443K [0x00000000d7300000, 0x00000000fff00000, 0x0000000100000000)
  eden space 613376K, 100% used [0x00000000d7300000,0x00000000fca00000,0x00000000fca00000)
  from space 26624K, 90% used [0x00000000fe500000,0x00000000ffc80e90,0x00000000fff00000)
  to   space 27136K, 0% used [0x00000000fca00000,0x00000000fca00000,0x00000000fe480000)
 ParOldGen       total 515584K, used 490787K [0x0000000085800000, 0x00000000a4f80000, 0x00000000d7300000)
  object space 515584K, 95% used [0x0000000085800000,0x00000000a3748d38,0x00000000a4f80000)
 Metaspace       used 8400K, capacity 8596K, committed 8704K, reserved 1056768K
  class space    used 869K, capacity 964K, committed 1024K, reserved 1048576K
Event: 363.563 GC heap after
Heap after GC invocations=544 (full 5):
 PSYoungGen      total 640512K, used 24208K [0x00000000d7300000, 0x0000000100000000, 0x0000000100000000)
  eden space 613376K, 0% used [0x00000000d7300000,0x00000000d7300000,0x00000000fca00000)
  from space 27136K, 89% used [0x00000000fca00000,0x00000000fe1a4018,0x00000000fe480000)
  to   space 27136K, 0% used [0x00000000fe580000,0x00000000fe580000,0x0000000100000000)
 ParOldGen       total 515584K, used 491323K [0x0000000085800000, 0x00000000a4f80000, 0x00000000d7300000)
  object space 515584K, 95% used [0x0000000085800000,0x00000000a37ced38,0x00000000a4f80000)
 Metaspace       used 8400K, capacity 8596K, committed 8704K, reserved 1056768K
  class space    used 869K, capacity 964K, committed 1024K, reserved 1048576K
}
Event: 364.371 GC heap before
{Heap before GC invocations=545 (full 5):
 PSYoungGen      total 640512K, used 637584K [0x00000000d7300000, 0x0000000100000000, 0x0000000100000000)
  eden space 613376K, 100% used [0x00000000d7300000,0x00000000fca00000,0x00000000fca00000)
  from space 27136K, 89% used [0x00000000fca00000,0x00000000fe1a4018,0x00000000fe480000)
  to   space 27136K, 0% used [0x00000000fe580000,0x00000000fe580000,0x0000000100000000)
 ParOldGen       total 515584K, used 491323K [0x0000000085800000, 0x00000000a4f80000, 0x00000000d7300000)
  object space 515584K, 95% used [0x0000000085800000,0x00000000a37ced38,0x00000000a4f80000)
 Metaspace       used 8400K, capacity 8596K, committed 8704K, reserved 1056768K
  class space    used 869K, capacity 964K, committed 1024K, reserved 1048576K
Event: 364.381 GC heap after
Heap after GC invocations=545 (full 5):
 PSYoungGen      total 640512K, used 24288K [0x00000000d7300000, 0x00000000fff00000, 0x0000000100000000)
  eden space 614400K, 0% used [0x00000000d7300000,0x00000000d7300000,0x00000000fcb00000)
  from space 26112K, 93% used [0x00000000fe580000,0x00000000ffd38000,0x00000000fff00000)
  to   space 26624K, 0% used [0x00000000fcb00000,0x00000000fcb00000,0x00000000fe500000)
 ParOldGen       total 515584K, used 491939K [0x0000000085800000, 0x00000000a4f80000, 0x00000000d7300000)
  object space 515584K, 95% used [0x0000000085800000,0x00000000a3868d38,0x00000000a4f80000)
 Metaspace       used 8400K, capacity 8596K, committed 8704K, reserved 1056768K
  class space    used 869K, capacity 964K, committed 1024K, reserved 1048576K
}
Event: 367.487 GC heap before
{Heap before GC invocations=546 (full 5):
 PSYoungGen      total 640512K, used 638688K [0x00000000d7300000, 0x00000000fff00000, 0x0000000100000000)
  eden space 614400K, 100% used [0x00000000d7300000,0x00000000fcb00000,0x00000000fcb00000)
  from space 26112K, 93% used [0x00000000fe580000,0x00000000ffd38000,0x00000000fff00000)
  to   space 26624K, 0% used [0x00000000fcb00000,0x00000000fcb00000,0x00000000fe500000)
 ParOldGen       total 515584K, used 491939K [0x0000000085800000, 0x00000000a4f80000, 0x00000000d7300000)
  object space 515584K, 95% used [0x0000000085800000,0x00000000a3868d38,0x00000000a4f80000)
 Metaspace       used 8572K, capacity 8724K, committed 8960K, reserved 1056768K
  class space    used 887K, capacity 964K, committed 1024K, reserved 1048576K
Event: 367.510 GC heap after
Heap after GC invocations=546 (full 5):
 PSYoungGen      total 641024K, used 26609K [0x00000000d7300000, 0x0000000100000000, 0x0000000100000000)
  eden space 614400K, 0% used [0x00000000d7300000,0x00000000d7300000,0x00000000fcb00000)
  from space 26624K, 99% used [0x00000000fcb00000,0x00000000fe4fc430,0x00000000fe500000)
  to   space 27648K, 0% used [0x00000000fe500000,0x00000000fe500000,0x0000000100000000)
 ParOldGen       total 515584K, used 514509K [0x0000000085800000, 0x00000000a4f80000, 0x00000000d7300000)
  object space 515584K, 99% used [0x0000000085800000,0x00000000a4e73478,0x00000000a4f80000)
 Metaspace       used 8572K, capacity 8724K, committed 8960K, reserved 1056768K
  class space    used 887K, capacity 964K, committed 1024K, reserved 1048576K
}
Event: 367.510 GC heap before
{Heap before GC invocations=547 (full 6):
 PSYoungGen      total 641024K, used 26609K [0x00000000d7300000, 0x0000000100000000, 0x0000000100000000)
  eden space 614400K, 0% used [0x00000000d7300000,0x00000000d7300000,0x00000000fcb00000)
  from space 26624K, 99% used [0x00000000fcb00000,0x00000000fe4fc430,0x00000000fe500000)
  to   space 27648K, 0% used [0x00000000fe500000,0x00000000fe500000,0x0000000100000000)
 ParOldGen       total 515584K, used 514509K [0x0000000085800000, 0x00000000a4f80000, 0x00000000d7300000)
  object space 515584K, 99% used [0x0000000085800000,0x00000000a4e73478,0x00000000a4f80000)
 Metaspace       used 8572K, capacity 8724K, committed 8960K, reserved 1056768K
  class space    used 887K, capacity 964K, committed 1024K, reserved 1048576K

