# JRE version: Java(TM) SE Runtime Environment (8.0_92-b14) (build 1.8.0_92-b14)
# Java VM: Java HotSpot(TM) 64-Bit Server VM (25.92-b14 mixed mode linux-amd64 compressed oops)
Heap:
 PSYoungGen      total 259584K, used 288K [0x00000000d7300000, 0x00000000e7800000, 0x0000000100000000)
  eden space 252416K, 0% used [0x00000000d7300000,0x00000000d7300000,0x00000000e6980000)
  from space 7168K, 4% used [0x00000000e6980000,0x00000000e69c8000,0x00000000e7080000)
  to   space 6656K, 0% used [0x00000000e7080000,0x00000000e7080000,0x00000000e7700000)
 ParOldGen       total 84992K, used 4697K [0x0000000085800000, 0x000000008ab00000, 0x00000000d7300000)
  object space 84992K, 5% used [0x0000000085800000,0x0000000085c96440,0x000000008ab00000)
 Metaspace       used 9124K, capacity 9338K, committed 9600K, reserved 1058816K
  class space    used 982K, capacity 1053K, committed 1152K, reserved 1048576K
GC Heap History (10 events):
Event: 0.902 GC heap after
Heap after GC invocations=4 (full 0):
 PSYoungGen      total 68608K, used 4400K [0x00000000d7300000, 0x00000000dbb00000, 0x0000000100000000)
  eden space 63488K, 0% used [0x00000000d7300000,0x00000000d7300000,0x00000000db100000)
  from space 5120K, 85% used [0x00000000db600000,0x00000000dba4c010,0x00000000dbb00000)
  to   space 5120K, 0% used [0x00000000db100000,0x00000000db100000,0x00000000db600000)
 ParOldGen       total 84992K, used 414K [0x0000000085800000, 0x000000008ab00000, 0x00000000d7300000)
  object space 84992K, 0% used [0x0000000085800000,0x0000000085867ac0,0x000000008ab00000)
 Metaspace       used 8935K, capacity 9146K, committed 9344K, reserved 1056768K
  class space    used 981K, capacity 1053K, committed 1152K, reserved 1048576K
}
Event: 0.987 GC heap before
{Heap before GC invocations=5 (full 0):
 PSYoungGen      total 68608K, used 67888K [0x00000000d7300000, 0x00000000dbb00000, 0x0000000100000000)
  eden space 63488K, 100% used [0x00000000d7300000,0x00000000db100000,0x00000000db100000)
  from space 5120K, 85% used [0x00000000db600000,0x00000000dba4c010,0x00000000dbb00000)
  to   space 5120K, 0% used [0x00000000db100000,0x00000000db100000,0x00000000db600000)
 ParOldGen       total 84992K, used 414K [0x0000000085800000, 0x000000008ab00000, 0x00000000d7300000)
  object space 84992K, 0% used [0x0000000085800000,0x0000000085867ac0,0x000000008ab00000)
 Metaspace       used 8986K, capacity 9210K, committed 9344K, reserved 1056768K
  class space    used 981K, capacity 1053K, committed 1152K, reserved 1048576K
Event: 0.993 GC heap after
Heap after GC invocations=5 (full 0):
 PSYoungGen      total 68608K, used 4336K [0x00000000d7300000, 0x00000000dfc00000, 0x0000000100000000)
  eden space 63488K, 0% used [0x00000000d7300000,0x00000000d7300000,0x00000000db100000)
  from space 5120K, 84% used [0x00000000db100000,0x00000000db53c010,0x00000000db600000)
  to   space 6656K, 0% used [0x00000000df580000,0x00000000df580000,0x00000000dfc00000)
 ParOldGen       total 84992K, used 422K [0x0000000085800000, 0x000000008ab00000, 0x00000000d7300000)
  object space 84992K, 0% used [0x0000000085800000,0x0000000085869ac0,0x000000008ab00000)
 Metaspace       used 8986K, capacity 9210K, committed 9344K, reserved 1056768K
  class space    used 981K, capacity 1053K, committed 1152K, reserved 1048576K
}
Event: 1.053 GC heap before
{Heap before GC invocations=6 (full 0):
 PSYoungGen      total 68608K, used 67824K [0x00000000d7300000, 0x00000000dfc00000, 0x0000000100000000)
  eden space 63488K, 100% used [0x00000000d7300000,0x00000000db100000,0x00000000db100000)
  from space 5120K, 84% used [0x00000000db100000,0x00000000db53c010,0x00000000db600000)
  to   space 6656K, 0% used [0x00000000df580000,0x00000000df580000,0x00000000dfc00000)
 ParOldGen       total 84992K, used 422K [0x0000000085800000, 0x000000008ab00000, 0x00000000d7300000)
  object space 84992K, 0% used [0x0000000085800000,0x0000000085869ac0,0x000000008ab00000)
 Metaspace       used 9031K, capacity 9274K, committed 9600K, reserved 1058816K
  class space    used 981K, capacity 1053K, committed 1152K, reserved 1048576K
Event: 1.056 GC heap after
Heap after GC invocations=6 (full 0):
 PSYoungGen      total 133120K, used 4912K [0x00000000d7300000, 0x00000000dfd00000, 0x0000000100000000)
  eden space 126464K, 0% used [0x00000000d7300000,0x00000000d7300000,0x00000000dee80000)
  from space 6656K, 73% used [0x00000000df580000,0x00000000dfa4c010,0x00000000dfc00000)
  to   space 7168K, 0% used [0x00000000dee80000,0x00000000dee80000,0x00000000df580000)
 ParOldGen       total 84992K, used 430K [0x0000000085800000, 0x000000008ab00000, 0x00000000d7300000)
  object space 84992K, 0% used [0x0000000085800000,0x000000008586bac0,0x000000008ab00000)
 Metaspace       used 9031K, capacity 9274K, committed 9600K, reserved 1058816K
  class space    used 981K, capacity 1053K, committed 1152K, reserved 1048576K
}
Event: 1.229 GC heap before
{Heap before GC invocations=7 (full 0):
 PSYoungGen      total 133120K, used 131376K [0x00000000d7300000, 0x00000000dfd00000, 0x0000000100000000)
  eden space 126464K, 100% used [0x00000000d7300000,0x00000000dee80000,0x00000000dee80000)
  from space 6656K, 73% used [0x00000000df580000,0x00000000dfa4c010,0x00000000dfc00000)
  to   space 7168K, 0% used [0x00000000dee80000,0x00000000dee80000,0x00000000df580000)
 ParOldGen       total 84992K, used 430K [0x0000000085800000, 0x000000008ab00000, 0x00000000d7300000)
  object space 84992K, 0% used [0x0000000085800000,0x000000008586bac0,0x000000008ab00000)
 Metaspace       used 9064K, capacity 9338K, committed 9600K, reserved 1058816K
  class space    used 981K, capacity 1053K, committed 1152K, reserved 1048576K
Event: 1.242 GC heap after
Heap after GC invocations=7 (full 0):
 PSYoungGen      total 133632K, used 3806K [0x00000000d7300000, 0x00000000e7700000, 0x0000000100000000)
  eden space 126464K, 0% used [0x00000000d7300000,0x00000000d7300000,0x00000000dee80000)
  from space 7168K, 53% used [0x00000000dee80000,0x00000000df237828,0x00000000df580000)
  to   space 6656K, 0% used [0x00000000e7080000,0x00000000e7080000,0x00000000e7700000)
 ParOldGen       total 84992K, used 2624K [0x0000000085800000, 0x000000008ab00000, 0x00000000d7300000)
  object space 84992K, 3% used [0x0000000085800000,0x0000000085a90100,0x000000008ab00000)
 Metaspace       used 9064K, capacity 9338K, committed 9600K, reserved 1058816K
  class space    used 981K, capacity 1053K, committed 1152K, reserved 1048576K
}
Event: 1.404 GC heap before
{Heap before GC invocations=8 (full 0):
 PSYoungGen      total 133632K, used 130270K [0x00000000d7300000, 0x00000000e7700000, 0x0000000100000000)
  eden space 126464K, 100% used [0x00000000d7300000,0x00000000dee80000,0x00000000dee80000)
  from space 7168K, 53% used [0x00000000dee80000,0x00000000df237828,0x00000000df580000)
  to   space 6656K, 0% used [0x00000000e7080000,0x00000000e7080000,0x00000000e7700000)
 ParOldGen       total 84992K, used 2624K [0x0000000085800000, 0x000000008ab00000, 0x00000000d7300000)
  object space 84992K, 3% used [0x0000000085800000,0x0000000085a90100,0x000000008ab00000)
 Metaspace       used 9104K, capacity 9338K, committed 9600K, reserved 1058816K
  class space    used 981K, capacity 1053K, committed 1152K, reserved 1048576K
Event: 1.407 GC heap after
Heap after GC invocations=8 (full 0):
 PSYoungGen      total 259072K, used 576K [0x00000000d7300000, 0x00000000e7800000, 0x0000000100000000)
  eden space 252416K, 0% used [0x00000000d7300000,0x00000000d7300000,0x00000000e6980000)
  from space 6656K, 8% used [0x00000000e7080000,0x00000000e7110000,0x00000000e7700000)
  to   space 7168K, 0% used [0x00000000e6980000,0x00000000e6980000,0x00000000e7080000)
 ParOldGen       total 84992K, used 4681K [0x0000000085800000, 0x000000008ab00000, 0x00000000d7300000)
  object space 84992K, 5% used [0x0000000085800000,0x0000000085c92440,0x000000008ab00000)
 Metaspace       used 9104K, capacity 9338K, committed 9600K, reserved 1058816K
  class space    used 981K, capacity 1053K, committed 1152K, reserved 1048576K
}
Event: 1.722 GC heap before
{Heap before GC invocations=9 (full 0):
 PSYoungGen      total 259072K, used 252992K [0x00000000d7300000, 0x00000000e7800000, 0x0000000100000000)
  eden space 252416K, 100% used [0x00000000d7300000,0x00000000e6980000,0x00000000e6980000)
  from space 6656K, 8% used [0x00000000e7080000,0x00000000e7110000,0x00000000e7700000)
  to   space 7168K, 0% used [0x00000000e6980000,0x00000000e6980000,0x00000000e7080000)
 ParOldGen       total 84992K, used 4681K [0x0000000085800000, 0x000000008ab00000, 0x00000000d7300000)
  object space 84992K, 5% used [0x0000000085800000,0x0000000085c92440,0x000000008ab00000)
 Metaspace       used 9124K, capacity 9338K, committed 9600K, reserved 1058816K
  class space    used 982K, capacity 1053K, committed 1152K, reserved 1048576K

