# JRE version: Java(TM) SE Runtime Environment (8.0_92-b14) (build 1.8.0_92-b14)
# Java VM: Java HotSpot(TM) 64-Bit Server VM (25.92-b14 mixed mode linux-amd64 compressed oops)
Heap:
 PSYoungGen      total 260608K, used 4073K [0x00000000d7300000, 0x00000000e7800000, 0x0000000100000000)
  eden space 253952K, 0% used [0x00000000d7300000,0x00000000d7300000,0x00000000e6b00000)
  from space 6656K, 61% used [0x00000000e6b00000,0x00000000e6efa478,0x00000000e7180000)
  to   space 6144K, 0% used [0x00000000e7200000,0x00000000e7200000,0x00000000e7800000)
 ParOldGen       total 84992K, used 2350K [0x0000000085800000, 0x000000008ab00000, 0x00000000d7300000)
  object space 84992K, 2% used [0x0000000085800000,0x0000000085a4ba58,0x000000008ab00000)
 Metaspace       used 9133K, capacity 9354K, committed 9600K, reserved 1058816K
  class space    used 982K, capacity 1053K, committed 1152K, reserved 1048576K
GC Heap History (10 events):
Event: 0.601 GC heap after
Heap after GC invocations=2 (full 0):
 PSYoungGen      total 68608K, used 4498K [0x00000000d7300000, 0x00000000dbb00000, 0x0000000100000000)
  eden space 63488K, 0% used [0x00000000d7300000,0x00000000d7300000,0x00000000db100000)
  from space 5120K, 87% used [0x00000000db600000,0x00000000dba64958,0x00000000dbb00000)
  to   space 5120K, 0% used [0x00000000db100000,0x00000000db100000,0x00000000db600000)
 ParOldGen       total 84992K, used 16K [0x0000000085800000, 0x000000008ab00000, 0x00000000d7300000)
  object space 84992K, 0% used [0x0000000085800000,0x0000000085804000,0x000000008ab00000)
 Metaspace       used 8162K, capacity 8370K, committed 8448K, reserved 1056768K
  class space    used 912K, capacity 985K, committed 1024K, reserved 1048576K
}
Event: 0.824 GC heap before
{Heap before GC invocations=3 (full 0):
 PSYoungGen      total 68608K, used 67986K [0x00000000d7300000, 0x00000000dbb00000, 0x0000000100000000)
  eden space 63488K, 100% used [0x00000000d7300000,0x00000000db100000,0x00000000db100000)
  from space 5120K, 87% used [0x00000000db600000,0x00000000dba64958,0x00000000dbb00000)
  to   space 5120K, 0% used [0x00000000db100000,0x00000000db100000,0x00000000db600000)
 ParOldGen       total 84992K, used 16K [0x0000000085800000, 0x000000008ab00000, 0x00000000d7300000)
  object space 84992K, 0% used [0x0000000085800000,0x0000000085804000,0x000000008ab00000)
 Metaspace       used 8948K, capacity 9226K, committed 9344K, reserved 1056768K
  class space    used 982K, capacity 1053K, committed 1152K, reserved 1048576K
Event: 0.828 GC heap after
Heap after GC invocations=3 (full 0):
 PSYoungGen      total 68608K, used 5091K [0x00000000d7300000, 0x00000000df900000, 0x0000000100000000)
  eden space 63488K, 0% used [0x00000000d7300000,0x00000000d7300000,0x00000000db100000)
  from space 5120K, 99% used [0x00000000db100000,0x00000000db5f8f90,0x00000000db600000)
  to   space 5120K, 0% used [0x00000000df400000,0x00000000df400000,0x00000000df900000)
 ParOldGen       total 84992K, used 125K [0x0000000085800000, 0x000000008ab00000, 0x00000000d7300000)
  object space 84992K, 0% used [0x0000000085800000,0x000000008581f418,0x000000008ab00000)
 Metaspace       used 8948K, capacity 9226K, committed 9344K, reserved 1056768K
  class space    used 982K, capacity 1053K, committed 1152K, reserved 1048576K
}
Event: 0.918 GC heap before
{Heap before GC invocations=4 (full 0):
 PSYoungGen      total 68608K, used 68579K [0x00000000d7300000, 0x00000000df900000, 0x0000000100000000)
  eden space 63488K, 100% used [0x00000000d7300000,0x00000000db100000,0x00000000db100000)
  from space 5120K, 99% used [0x00000000db100000,0x00000000db5f8f90,0x00000000db600000)
  to   space 5120K, 0% used [0x00000000df400000,0x00000000df400000,0x00000000df900000)
 ParOldGen       total 84992K, used 125K [0x0000000085800000, 0x000000008ab00000, 0x00000000d7300000)
  object space 84992K, 0% used [0x0000000085800000,0x000000008581f418,0x000000008ab00000)
 Metaspace       used 8997K, capacity 9226K, committed 9344K, reserved 1056768K
  class space    used 982K, capacity 1053K, committed 1152K, reserved 1048576K
Event: 0.921 GC heap after
Heap after GC invocations=4 (full 0):
 PSYoungGen      total 132096K, used 4544K [0x00000000d7300000, 0x00000000df900000, 0x0000000100000000)
  eden space 126976K, 0% used [0x00000000d7300000,0x00000000d7300000,0x00000000def00000)
  from space 5120K, 88% used [0x00000000df400000,0x00000000df870000,0x00000000df900000)
  to   space 5120K, 0% used [0x00000000def00000,0x00000000def00000,0x00000000df400000)
 ParOldGen       total 84992K, used 133K [0x0000000085800000, 0x000000008ab00000, 0x00000000d7300000)
  object space 84992K, 0% used [0x0000000085800000,0x0000000085821418,0x000000008ab00000)
 Metaspace       used 8997K, capacity 9226K, committed 9344K, reserved 1056768K
  class space    used 982K, capacity 1053K, committed 1152K, reserved 1048576K
}
Event: 1.088 GC heap before
{Heap before GC invocations=5 (full 0):
 PSYoungGen      total 132096K, used 131520K [0x00000000d7300000, 0x00000000df900000, 0x0000000100000000)
  eden space 126976K, 100% used [0x00000000d7300000,0x00000000def00000,0x00000000def00000)
  from space 5120K, 88% used [0x00000000df400000,0x00000000df870000,0x00000000df900000)
  to   space 5120K, 0% used [0x00000000def00000,0x00000000def00000,0x00000000df400000)
 ParOldGen       total 84992K, used 133K [0x0000000085800000, 0x000000008ab00000, 0x00000000d7300000)
  object space 84992K, 0% used [0x0000000085800000,0x0000000085821418,0x000000008ab00000)
 Metaspace       used 9070K, capacity 9354K, committed 9600K, reserved 1058816K
  class space    used 982K, capacity 1053K, committed 1152K, reserved 1048576K
Event: 1.093 GC heap after
Heap after GC invocations=5 (full 0):
 PSYoungGen      total 132096K, used 4432K [0x00000000d7300000, 0x00000000e7900000, 0x0000000100000000)
  eden space 126976K, 0% used [0x00000000d7300000,0x00000000d7300000,0x00000000def00000)
  from space 5120K, 86% used [0x00000000def00000,0x00000000df354120,0x00000000df400000)
  to   space 7168K, 0% used [0x00000000e7200000,0x00000000e7200000,0x00000000e7900000)
 ParOldGen       total 84992K, used 141K [0x0000000085800000, 0x000000008ab00000, 0x00000000d7300000)
  object space 84992K, 0% used [0x0000000085800000,0x0000000085823418,0x000000008ab00000)
 Metaspace       used 9070K, capacity 9354K, committed 9600K, reserved 1058816K
  class space    used 982K, capacity 1053K, committed 1152K, reserved 1048576K
}
Event: 1.257 GC heap before
{Heap before GC invocations=6 (full 0):
 PSYoungGen      total 132096K, used 131408K [0x00000000d7300000, 0x00000000e7900000, 0x0000000100000000)
  eden space 126976K, 100% used [0x00000000d7300000,0x00000000def00000,0x00000000def00000)
  from space 5120K, 86% used [0x00000000def00000,0x00000000df354120,0x00000000df400000)
  to   space 7168K, 0% used [0x00000000e7200000,0x00000000e7200000,0x00000000e7900000)
 ParOldGen       total 84992K, used 141K [0x0000000085800000, 0x000000008ab00000, 0x00000000d7300000)
  object space 84992K, 0% used [0x0000000085800000,0x0000000085823418,0x000000008ab00000)
 Metaspace       used 9111K, capacity 9354K, committed 9600K, reserved 1058816K
  class space    used 982K, capacity 1053K, committed 1152K, reserved 1048576K
Event: 1.261 GC heap after
Heap after GC invocations=6 (full 0):
 PSYoungGen      total 260096K, used 4304K [0x00000000d7300000, 0x00000000e7800000, 0x0000000100000000)
  eden space 253952K, 0% used [0x00000000d7300000,0x00000000d7300000,0x00000000e6b00000)
  from space 6144K, 70% used [0x00000000e7200000,0x00000000e7634010,0x00000000e7800000)
  to   space 6656K, 0% used [0x00000000e6b00000,0x00000000e6b00000,0x00000000e7180000)
 ParOldGen       total 84992K, used 141K [0x0000000085800000, 0x000000008ab00000, 0x00000000d7300000)
  object space 84992K, 0% used [0x0000000085800000,0x0000000085823418,0x000000008ab00000)
 Metaspace       used 9111K, capacity 9354K, committed 9600K, reserved 1058816K
  class space    used 982K, capacity 1053K, committed 1152K, reserved 1048576K
}
Event: 1.721 GC heap before
{Heap before GC invocations=7 (full 0):
 PSYoungGen      total 260096K, used 258256K [0x00000000d7300000, 0x00000000e7800000, 0x0000000100000000)
  eden space 253952K, 100% used [0x00000000d7300000,0x00000000e6b00000,0x00000000e6b00000)
  from space 6144K, 70% used [0x00000000e7200000,0x00000000e7634010,0x00000000e7800000)
  to   space 6656K, 0% used [0x00000000e6b00000,0x00000000e6b00000,0x00000000e7180000)
 ParOldGen       total 84992K, used 141K [0x0000000085800000, 0x000000008ab00000, 0x00000000d7300000)
  object space 84992K, 0% used [0x0000000085800000,0x0000000085823418,0x000000008ab00000)
 Metaspace       used 9133K, capacity 9354K, committed 9600K, reserved 1058816K
  class space    used 982K, capacity 1053K, committed 1152K, reserved 1048576K

