# JRE version: Java(TM) SE Runtime Environment (8.0_92-b14) (build 1.8.0_92-b14)
# Java VM: Java HotSpot(TM) 64-Bit Server VM (25.92-b14 mixed mode linux-amd64 compressed oops)
Heap:
 PSYoungGen      total 260096K, used 1312K [0x00000000d7300000, 0x00000000e7800000, 0x0000000100000000)
  eden space 252928K, 0% used [0x00000000d7300000,0x00000000d7300000,0x00000000e6a00000)
  from space 7168K, 18% used [0x00000000e6a00000,0x00000000e6b48000,0x00000000e7100000)
  to   space 7168K, 0% used [0x00000000e7100000,0x00000000e7100000,0x00000000e7800000)
 ParOldGen       total 84992K, used 4908K [0x0000000085800000, 0x000000008ab00000, 0x00000000d7300000)
  object space 84992K, 5% used [0x0000000085800000,0x0000000085ccb338,0x000000008ab00000)
 Metaspace       used 9125K, capacity 9358K, committed 9600K, reserved 1058816K
  class space    used 982K, capacity 1053K, committed 1152K, reserved 1048576K
GC Heap History (10 events):
Event: 0.790 GC heap after
Heap after GC invocations=4 (full 0):
 PSYoungGen      total 68608K, used 4624K [0x00000000d7300000, 0x00000000dbb00000, 0x0000000100000000)
  eden space 63488K, 0% used [0x00000000d7300000,0x00000000d7300000,0x00000000db100000)
  from space 5120K, 90% used [0x00000000db600000,0x00000000dba84120,0x00000000dbb00000)
  to   space 5120K, 0% used [0x00000000db100000,0x00000000db100000,0x00000000db600000)
 ParOldGen       total 84992K, used 1178K [0x0000000085800000, 0x000000008ab00000, 0x00000000d7300000)
  object space 84992K, 1% used [0x0000000085800000,0x0000000085926bb8,0x000000008ab00000)
 Metaspace       used 8933K, capacity 9162K, committed 9344K, reserved 1056768K
  class space    used 981K, capacity 1053K, committed 1152K, reserved 1048576K
}
Event: 0.874 GC heap before
{Heap before GC invocations=5 (full 0):
 PSYoungGen      total 68608K, used 68112K [0x00000000d7300000, 0x00000000dbb00000, 0x0000000100000000)
  eden space 63488K, 100% used [0x00000000d7300000,0x00000000db100000,0x00000000db100000)
  from space 5120K, 90% used [0x00000000db600000,0x00000000dba84120,0x00000000dbb00000)
  to   space 5120K, 0% used [0x00000000db100000,0x00000000db100000,0x00000000db600000)
 ParOldGen       total 84992K, used 1178K [0x0000000085800000, 0x000000008ab00000, 0x00000000d7300000)
  object space 84992K, 1% used [0x0000000085800000,0x0000000085926bb8,0x000000008ab00000)
 Metaspace       used 8984K, capacity 9226K, committed 9344K, reserved 1056768K
  class space    used 981K, capacity 1053K, committed 1152K, reserved 1048576K
Event: 0.877 GC heap after
Heap after GC invocations=5 (full 0):
 PSYoungGen      total 68608K, used 4432K [0x00000000d7300000, 0x00000000dfd00000, 0x0000000100000000)
  eden space 63488K, 0% used [0x00000000d7300000,0x00000000d7300000,0x00000000db100000)
  from space 5120K, 86% used [0x00000000db100000,0x00000000db554010,0x00000000db600000)
  to   space 7168K, 0% used [0x00000000df600000,0x00000000df600000,0x00000000dfd00000)
 ParOldGen       total 84992K, used 1186K [0x0000000085800000, 0x000000008ab00000, 0x00000000d7300000)
  object space 84992K, 1% used [0x0000000085800000,0x0000000085928bb8,0x000000008ab00000)
 Metaspace       used 8984K, capacity 9226K, committed 9344K, reserved 1056768K
  class space    used 981K, capacity 1053K, committed 1152K, reserved 1048576K
}
Event: 0.925 GC heap before
{Heap before GC invocations=6 (full 0):
 PSYoungGen      total 68608K, used 67920K [0x00000000d7300000, 0x00000000dfd00000, 0x0000000100000000)
  eden space 63488K, 100% used [0x00000000d7300000,0x00000000db100000,0x00000000db100000)
  from space 5120K, 86% used [0x00000000db100000,0x00000000db554010,0x00000000db600000)
  to   space 7168K, 0% used [0x00000000df600000,0x00000000df600000,0x00000000dfd00000)
 ParOldGen       total 84992K, used 1186K [0x0000000085800000, 0x000000008ab00000, 0x00000000d7300000)
  object space 84992K, 1% used [0x0000000085800000,0x0000000085928bb8,0x000000008ab00000)
 Metaspace       used 9023K, capacity 9226K, committed 9344K, reserved 1056768K
  class space    used 981K, capacity 1053K, committed 1152K, reserved 1048576K
Event: 0.927 GC heap after
Heap after GC invocations=6 (full 0):
 PSYoungGen      total 133632K, used 5040K [0x00000000d7300000, 0x00000000dfe00000, 0x0000000100000000)
  eden space 126464K, 0% used [0x00000000d7300000,0x00000000d7300000,0x00000000dee80000)
  from space 7168K, 70% used [0x00000000df600000,0x00000000dfaec120,0x00000000dfd00000)
  to   space 7680K, 0% used [0x00000000dee80000,0x00000000dee80000,0x00000000df600000)
 ParOldGen       total 84992K, used 1194K [0x0000000085800000, 0x000000008ab00000, 0x00000000d7300000)
  object space 84992K, 1% used [0x0000000085800000,0x000000008592abb8,0x000000008ab00000)
 Metaspace       used 9023K, capacity 9226K, committed 9344K, reserved 1056768K
  class space    used 981K, capacity 1053K, committed 1152K, reserved 1048576K
}
Event: 1.049 GC heap before
{Heap before GC invocations=7 (full 0):
 PSYoungGen      total 133632K, used 131504K [0x00000000d7300000, 0x00000000dfe00000, 0x0000000100000000)
  eden space 126464K, 100% used [0x00000000d7300000,0x00000000dee80000,0x00000000dee80000)
  from space 7168K, 70% used [0x00000000df600000,0x00000000dfaec120,0x00000000dfd00000)
  to   space 7680K, 0% used [0x00000000dee80000,0x00000000dee80000,0x00000000df600000)
 ParOldGen       total 84992K, used 1194K [0x0000000085800000, 0x000000008ab00000, 0x00000000d7300000)
  object space 84992K, 1% used [0x0000000085800000,0x000000008592abb8,0x000000008ab00000)
 Metaspace       used 9065K, capacity 9354K, committed 9600K, reserved 1058816K
  class space    used 981K, capacity 1053K, committed 1152K, reserved 1048576K
Event: 1.055 GC heap after
Heap after GC invocations=7 (full 0):
 PSYoungGen      total 134144K, used 2944K [0x00000000d7300000, 0x00000000e7800000, 0x0000000100000000)
  eden space 126464K, 0% used [0x00000000d7300000,0x00000000d7300000,0x00000000dee80000)
  from space 7680K, 38% used [0x00000000dee80000,0x00000000df160000,0x00000000df600000)
  to   space 7168K, 0% used [0x00000000e7100000,0x00000000e7100000,0x00000000e7800000)
 ParOldGen       total 84992K, used 2880K [0x0000000085800000, 0x000000008ab00000, 0x00000000d7300000)
  object space 84992K, 3% used [0x0000000085800000,0x0000000085ad01e8,0x000000008ab00000)
 Metaspace       used 9065K, capacity 9354K, committed 9600K, reserved 1058816K
  class space    used 981K, capacity 1053K, committed 1152K, reserved 1048576K
}
Event: 1.218 GC heap before
{Heap before GC invocations=8 (full 0):
 PSYoungGen      total 134144K, used 129408K [0x00000000d7300000, 0x00000000e7800000, 0x0000000100000000)
  eden space 126464K, 100% used [0x00000000d7300000,0x00000000dee80000,0x00000000dee80000)
  from space 7680K, 38% used [0x00000000dee80000,0x00000000df160000,0x00000000df600000)
  to   space 7168K, 0% used [0x00000000e7100000,0x00000000e7100000,0x00000000e7800000)
 ParOldGen       total 84992K, used 2880K [0x0000000085800000, 0x000000008ab00000, 0x00000000d7300000)
  object space 84992K, 3% used [0x0000000085800000,0x0000000085ad01e8,0x000000008ab00000)
 Metaspace       used 9099K, capacity 9354K, committed 9600K, reserved 1058816K
  class space    used 981K, capacity 1053K, committed 1152K, reserved 1048576K
Event: 1.223 GC heap after
Heap after GC invocations=8 (full 0):
 PSYoungGen      total 260096K, used 1408K [0x00000000d7300000, 0x00000000e7800000, 0x0000000100000000)
  eden space 252928K, 0% used [0x00000000d7300000,0x00000000d7300000,0x00000000e6a00000)
  from space 7168K, 19% used [0x00000000e7100000,0x00000000e7260000,0x00000000e7800000)
  to   space 7168K, 0% used [0x00000000e6a00000,0x00000000e6a00000,0x00000000e7100000)
 ParOldGen       total 84992K, used 4900K [0x0000000085800000, 0x000000008ab00000, 0x00000000d7300000)
  object space 84992K, 5% used [0x0000000085800000,0x0000000085cc9338,0x000000008ab00000)
 Metaspace       used 9099K, capacity 9354K, committed 9600K, reserved 1058816K
  class space    used 981K, capacity 1053K, committed 1152K, reserved 1048576K
}
Event: 1.557 GC heap before
{Heap before GC invocations=9 (full 0):
 PSYoungGen      total 260096K, used 254336K [0x00000000d7300000, 0x00000000e7800000, 0x0000000100000000)
  eden space 252928K, 100% used [0x00000000d7300000,0x00000000e6a00000,0x00000000e6a00000)
  from space 7168K, 19% used [0x00000000e7100000,0x00000000e7260000,0x00000000e7800000)
  to   space 7168K, 0% used [0x00000000e6a00000,0x00000000e6a00000,0x00000000e7100000)
 ParOldGen       total 84992K, used 4900K [0x0000000085800000, 0x000000008ab00000, 0x00000000d7300000)
  object space 84992K, 5% used [0x0000000085800000,0x0000000085cc9338,0x000000008ab00000)
 Metaspace       used 9125K, capacity 9358K, committed 9600K, reserved 1058816K
  class space    used 982K, capacity 1053K, committed 1152K, reserved 1048576K

